<?xml version='1.0' encoding='UTF-8'?>
<testsuite hostname="dkazakov" name="functions.CountChangeSuite" tests="4" errors="0" failures="0" time="0.037">
                     <properties>
[...]
</properties>
                     <testcase classname="functions.CountChangeSuite" name="countChange: example given in instructions" time="0.025">
                                                 
                                               </testcase><testcase classname="functions.CountChangeSuite" name="countChange: sorted CHF" time="0.01">
                                                 
                                               </testcase><testcase classname="functions.CountChangeSuite" name="countChange: no pennies" time="0.001">
                                                 
                                               </testcase><testcase classname="functions.CountChangeSuite" name="countChange: unsorted CHF" time="0.001">
                                                 
                                               </testcase>
                     <system-out></system-out>
                     <system-err></system-err>
                   </testsuite>